[2026-03-16 21:02:23.894] [info] Using configuration file /home/przemek/.config/waybar/config.jsonc
[2026-03-16 21:02:23.896] [info] Discovered appearance 'dark'
[2026-03-16 21:02:23.909] [info] Using CSS file /home/przemek/.config/waybar/style.css
[2026-03-16 21:02:23.913] [info] Hyprland IPC starting
[2026-03-16 21:02:23.914] [info] Loading persistent workspaces from Hyprland workspace rules
[2026-03-16 21:02:23.937] [info] Loading persistent workspaces from Hyprland workspace rules

(waybar:237355): LIBDBUSMENU-GTK-WARNING **: 21:02:24.209: Children but no menu, someone's been naughty with their 'children-display' property: 'submenu'

(waybar:237355): LIBDBUSMENU-GTK-WARNING **: 21:02:24.209: Children but no menu, someone's been naughty with their 'children-display' property: 'submenu'

(waybar:237355): LIBDBUSMENU-GTK-WARNING **: 21:02:24.209: Children but no menu, someone's been naughty with their 'children-display' property: 'submenu'

(waybar:237355): LIBDBUSMENU-GTK-WARNING **: 21:02:24.209: Children but no menu, someone's been naughty with their 'children-display' property: 'submenu'

(waybar:237355): LIBDBUSMENU-GTK-WARNING **: 21:02:24.209: Children but no menu, someone's been naughty with their 'children-display' property: 'submenu'

(waybar:237355): LIBDBUSMENU-GTK-WARNING **: 21:02:24.209: Children but no menu, someone's been naughty with their 'children-display' property: 'submenu'

(waybar:237355): LIBDBUSMENU-GTK-WARNING **: 21:02:24.209: Children but no menu, someone's been naughty with their 'children-display' property: 'submenu'

(waybar:237355): LIBDBUSMENU-GTK-WARNING **: 21:02:24.209: Children but no menu, someone's been naughty with their 'children-display' property: 'submenu'

(waybar:237355): LIBDBUSMENU-GTK-WARNING **: 21:02:24.209: Children but no menu, someone's been naughty with their 'children-display' property: 'submenu'

(waybar:237355): LIBDBUSMENU-GTK-WARNING **: 21:02:24.209: Children but no menu, someone's been naughty with their 'children-display' property: 'submenu'

(waybar:237355): LIBDBUSMENU-GTK-WARNING **: 21:02:24.209: Children but no menu, someone's been naughty with their 'children-display' property: 'submenu'

(waybar:237355): LIBDBUSMENU-GTK-WARNING **: 21:02:24.209: Children but no menu, someone's been naughty with their 'children-display' property: 'submenu'

(waybar:237355): LIBDBUSMENU-GTK-WARNING **: 21:02:24.209: Children but no menu, someone's been naughty with their 'children-display' property: 'submenu'

(waybar:237355): LIBDBUSMENU-GTK-WARNING **: 21:02:24.209: Children but no menu, someone's been naughty with their 'children-display' property: 'submenu'

(waybar:237355): LIBDBUSMENU-GTK-WARNING **: 21:02:24.209: Children but no menu, someone's been naughty with their 'children-display' property: 'submenu'

(waybar:237355): LIBDBUSMENU-GTK-WARNING **: 21:02:24.209: Children but no menu, someone's been naughty with their 'children-display' property: 'submenu'

(waybar:237355): LIBDBUSMENU-GTK-WARNING **: 21:02:24.209: Children but no menu, someone's been naughty with their 'children-display' property: 'submenu'

(waybar:237355): LIBDBUSMENU-GTK-WARNING **: 21:02:24.210: Children but no menu, someone's been naughty with their 'children-display' property: 'submenu'

(waybar:237355): LIBDBUSMENU-GTK-WARNING **: 21:02:24.210: Children but no menu, someone's been naughty with their 'children-display' property: 'submenu'

(waybar:237355): LIBDBUSMENU-GTK-WARNING **: 21:02:24.210: Children but no menu, someone's been naughty with their 'children-display' property: 'submenu'

(waybar:237355): LIBDBUSMENU-GTK-WARNING **: 21:02:24.210: Children but no menu, someone's been naughty with their 'children-display' property: 'submenu'

(waybar:237355): LIBDBUSMENU-GTK-WARNING **: 21:02:24.210: Children but no menu, someone's been naughty with their 'children-display' property: 'submenu'

(waybar:237355): LIBDBUSMENU-GTK-WARNING **: 21:02:24.210: Children but no menu, someone's been naughty with their 'children-display' property: 'submenu'

(waybar:237355): LIBDBUSMENU-GTK-WARNING **: 21:02:24.210: Children but no menu, someone's been naughty with their 'children-display' property: 'submenu'

(waybar:237355): LIBDBUSMENU-GTK-WARNING **: 21:02:24.210: Children but no menu, someone's been naughty with their 'children-display' property: 'submenu'

(waybar:237355): LIBDBUSMENU-GTK-WARNING **: 21:02:24.210: Children but no menu, someone's been naughty with their 'children-display' property: 'submenu'

(waybar:237355): LIBDBUSMENU-GTK-WARNING **: 21:02:24.210: Children but no menu, someone's been naughty with their 'children-display' property: 'submenu'

(waybar:237355): LIBDBUSMENU-GTK-WARNING **: 21:02:24.210: Children but no menu, someone's been naughty with their 'children-display' property: 'submenu'

(waybar:237355): LIBDBUSMENU-GTK-WARNING **: 21:02:24.210: Children but no menu, someone's been naughty with their 'children-display' property: 'submenu'

(waybar:237355): LIBDBUSMENU-GTK-WARNING **: 21:02:24.210: Children but no menu, someone's been naughty with their 'children-display' property: 'submenu'

(waybar:237355): LIBDBUSMENU-GTK-WARNING **: 21:02:24.210: Children but no menu, someone's been naughty with their 'children-display' property: 'submenu'

(waybar:237355): LIBDBUSMENU-GTK-WARNING **: 21:02:24.210: Children but no menu, someone's been naughty with their 'children-display' property: 'submenu'

(waybar:237355): LIBDBUSMENU-GTK-WARNING **: 21:02:24.210: Children but no menu, someone's been naughty with their 'children-display' property: 'submenu'

(waybar:237355): LIBDBUSMENU-GTK-WARNING **: 21:02:24.210: Children but no menu, someone's been naughty with their 'children-display' property: 'submenu'
[2026-03-16 21:02:24.255] [info] Bar configured (width: 2560, height: 32) for output: DP-2
[2026-03-16 21:02:24.256] [info] Bar configured (width: 1080, height: 32) for output: DP-3
[2026-03-16 21:02:24.259] [info] Bar configured (width: 2560, height: 32) for output: DP-2

(waybar:237355): LIBDBUSMENU-GLIB-WARNING **: 21:02:44.870: Unable to replace properties on 0: Error getting properties for ID

(waybar:237355): LIBDBUSMENU-GLIB-WARNING **: 21:02:44.872: Unable to replace properties on 0: Error getting properties for ID

(waybar:237355): LIBDBUSMENU-GLIB-WARNING **: 21:03:44.936: Unable to replace properties on 0: Error getting properties for ID

(waybar:237355): LIBDBUSMENU-GLIB-WARNING **: 21:03:44.938: Unable to replace properties on 0: Error getting properties for ID

(waybar:237355): LIBDBUSMENU-GLIB-WARNING **: 21:04:44.984: Unable to replace properties on 0: Error getting properties for ID

(waybar:237355): LIBDBUSMENU-GLIB-WARNING **: 21:04:44.986: Unable to replace properties on 0: Error getting properties for ID

(waybar:237355): LIBDBUSMENU-GLIB-WARNING **: 21:05:44.981: Unable to replace properties on 0: Error getting properties for ID

(waybar:237355): LIBDBUSMENU-GLIB-WARNING **: 21:05:44.982: Unable to replace properties on 0: Error getting properties for ID

(waybar:237355): LIBDBUSMENU-GLIB-WARNING **: 21:06:45.005: Unable to replace properties on 0: Error getting properties for ID

(waybar:237355): LIBDBUSMENU-GLIB-WARNING **: 21:06:45.007: Unable to replace properties on 0: Error getting properties for ID

(waybar:237355): LIBDBUSMENU-GLIB-WARNING **: 21:07:44.837: Unable to replace properties on 0: Error getting properties for ID

(waybar:237355): LIBDBUSMENU-GLIB-WARNING **: 21:07:44.839: Unable to replace properties on 0: Error getting properties for ID

(waybar:237355): LIBDBUSMENU-GLIB-WARNING **: 21:08:44.917: Unable to replace properties on 0: Error getting properties for ID

(waybar:237355): LIBDBUSMENU-GLIB-WARNING **: 21:08:44.919: Unable to replace properties on 0: Error getting properties for ID

(waybar:237355): LIBDBUSMENU-GLIB-WARNING **: 21:09:44.910: Unable to replace properties on 0: Error getting properties for ID

(waybar:237355): LIBDBUSMENU-GLIB-WARNING **: 21:09:44.913: Unable to replace properties on 0: Error getting properties for ID

(waybar:237355): LIBDBUSMENU-GLIB-WARNING **: 21:09:45.011: Unable to replace properties on 0: Error getting properties for ID

(waybar:237355): LIBDBUSMENU-GLIB-WARNING **: 21:09:45.012: Unable to replace properties on 0: Error getting properties for ID

(waybar:237355): LIBDBUSMENU-GLIB-WARNING **: 21:10:45.005: Unable to replace properties on 0: Error getting properties for ID

(waybar:237355): LIBDBUSMENU-GLIB-WARNING **: 21:10:45.007: Unable to replace properties on 0: Error getting properties for ID

(waybar:237355): LIBDBUSMENU-GLIB-WARNING **: 21:11:45.100: Unable to replace properties on 0: Error getting properties for ID

(waybar:237355): LIBDBUSMENU-GLIB-WARNING **: 21:11:45.101: Unable to replace properties on 0: Error getting properties for ID

(waybar:237355): LIBDBUSMENU-GLIB-WARNING **: 21:12:45.071: Unable to replace properties on 0: Error getting properties for ID

(waybar:237355): LIBDBUSMENU-GLIB-WARNING **: 21:12:45.073: Unable to replace properties on 0: Error getting properties for ID

(waybar:237355): LIBDBUSMENU-GLIB-WARNING **: 21:13:44.918: Unable to replace properties on 0: Error getting properties for ID

(waybar:237355): LIBDBUSMENU-GLIB-WARNING **: 21:13:44.918: Unable to replace properties on 3407872: Error getting properties for ID

(waybar:237355): LIBDBUSMENU-GLIB-WARNING **: 21:13:44.918: Unable to replace properties on 3473408: Error getting properties for ID

(waybar:237355): LIBDBUSMENU-GLIB-WARNING **: 21:13:44.918: Unable to replace properties on 3473664: Error getting properties for ID

(waybar:237355): LIBDBUSMENU-GLIB-WARNING **: 21:13:44.918: Unable to replace properties on 3866624: Error getting properties for ID

(waybar:237355): LIBDBUSMENU-GLIB-WARNING **: 21:13:44.921: Unable to replace properties on 0: Error getting properties for ID

(waybar:237355): LIBDBUSMENU-GLIB-WARNING **: 21:13:44.921: Unable to replace properties on 3473408: Error getting properties for ID

(waybar:237355): LIBDBUSMENU-GLIB-WARNING **: 21:13:44.921: Unable to replace properties on 3473664: Error getting properties for ID

(waybar:237355): LIBDBUSMENU-GLIB-WARNING **: 21:13:44.921: Unable to replace properties on 3866624: Error getting properties for ID

(waybar:237355): LIBDBUSMENU-GLIB-WARNING **: 21:13:45.016: Unable to replace properties on 0: Error getting properties for ID

(waybar:237355): LIBDBUSMENU-GLIB-WARNING **: 21:13:45.018: Unable to replace properties on 0: Error getting properties for ID

(waybar:237355): LIBDBUSMENU-GLIB-WARNING **: 21:14:45.059: Unable to replace properties on 0: Error getting properties for ID

(waybar:237355): LIBDBUSMENU-GLIB-WARNING **: 21:14:45.061: Unable to replace properties on 0: Error getting properties for ID

(waybar:237355): LIBDBUSMENU-GLIB-WARNING **: 21:15:45.101: Unable to replace properties on 0: Error getting properties for ID

(waybar:237355): LIBDBUSMENU-GLIB-WARNING **: 21:15:45.103: Unable to replace properties on 0: Error getting properties for ID

(waybar:237355): LIBDBUSMENU-GLIB-WARNING **: 21:16:45.073: Unable to replace properties on 0: Error getting properties for ID

(waybar:237355): LIBDBUSMENU-GLIB-WARNING **: 21:16:45.073: Unable to replace properties on 3407872: Error getting properties for ID

(waybar:237355): LIBDBUSMENU-GLIB-WARNING **: 21:16:45.073: Unable to replace properties on 3473408: Error getting properties for ID

(waybar:237355): LIBDBUSMENU-GLIB-WARNING **: 21:16:45.073: Unable to replace properties on 3473664: Error getting properties for ID

(waybar:237355): LIBDBUSMENU-GLIB-WARNING **: 21:16:45.073: Unable to replace properties on 3866624: Error getting properties for ID

(waybar:237355): LIBDBUSMENU-GLIB-WARNING **: 21:16:45.075: Unable to replace properties on 0: Error getting properties for ID

(waybar:237355): LIBDBUSMENU-GLIB-WARNING **: 21:16:45.075: Unable to replace properties on 3473408: Error getting properties for ID

(waybar:237355): LIBDBUSMENU-GLIB-WARNING **: 21:16:45.075: Unable to replace properties on 3473664: Error getting properties for ID

(waybar:237355): LIBDBUSMENU-GLIB-WARNING **: 21:16:45.075: Unable to replace properties on 3866624: Error getting properties for ID

(waybar:237355): LIBDBUSMENU-GLIB-WARNING **: 21:16:45.173: Unable to replace properties on 0: Error getting properties for ID

(waybar:237355): LIBDBUSMENU-GLIB-WARNING **: 21:16:45.174: Unable to replace properties on 0: Error getting properties for ID

(waybar:237355): LIBDBUSMENU-GLIB-WARNING **: 21:17:45.148: Unable to replace properties on 0: Error getting properties for ID

(waybar:237355): LIBDBUSMENU-GLIB-WARNING **: 21:17:45.149: Unable to replace properties on 0: Error getting properties for ID

(waybar:237355): LIBDBUSMENU-GLIB-WARNING **: 21:18:44.979: Unable to replace properties on 0: Error getting properties for ID

(waybar:237355): LIBDBUSMENU-GLIB-WARNING **: 21:18:44.980: Unable to replace properties on 0: Error getting properties for ID

(waybar:237355): LIBDBUSMENU-GLIB-WARNING **: 21:19:45.017: Unable to replace properties on 0: Error getting properties for ID

(waybar:237355): LIBDBUSMENU-GLIB-WARNING **: 21:19:45.018: Unable to replace properties on 0: Error getting properties for ID

(waybar:237355): LIBDBUSMENU-GLIB-WARNING **: 21:20:45.019: Unable to replace properties on 0: Error getting properties for ID

(waybar:237355): LIBDBUSMENU-GLIB-WARNING **: 21:20:45.020: Unable to replace properties on 0: Error getting properties for ID

(waybar:237355): LIBDBUSMENU-GLIB-WARNING **: 21:20:45.116: Unable to replace properties on 0: Error getting properties for ID

(waybar:237355): LIBDBUSMENU-GLIB-WARNING **: 21:20:45.118: Unable to replace properties on 0: Error getting properties for ID

(waybar:237355): LIBDBUSMENU-GLIB-WARNING **: 21:21:45.092: Unable to replace properties on 0: Error getting properties for ID

(waybar:237355): LIBDBUSMENU-GLIB-WARNING **: 21:21:45.094: Unable to replace properties on 0: Error getting properties for ID

(waybar:237355): LIBDBUSMENU-GLIB-WARNING **: 21:22:45.163: Unable to replace properties on 0: Error getting properties for ID

(waybar:237355): LIBDBUSMENU-GLIB-WARNING **: 21:22:45.164: Unable to replace properties on 0: Error getting properties for ID

(waybar:237355): LIBDBUSMENU-GLIB-WARNING **: 21:23:45.233: Unable to replace properties on 0: Error getting properties for ID

(waybar:237355): LIBDBUSMENU-GLIB-WARNING **: 21:23:45.235: Unable to replace properties on 0: Error getting properties for ID

(waybar:237355): LIBDBUSMENU-GLIB-WARNING **: 21:24:45.122: Unable to replace properties on 0: Error getting properties for ID

(waybar:237355): LIBDBUSMENU-GLIB-WARNING **: 21:24:45.124: Unable to replace properties on 0: Error getting properties for ID

(waybar:237355): LIBDBUSMENU-GLIB-WARNING **: 21:25:45.190: Unable to replace properties on 0: Error getting properties for ID

(waybar:237355): LIBDBUSMENU-GLIB-WARNING **: 21:25:45.192: Unable to replace properties on 0: Error getting properties for ID

(waybar:237355): LIBDBUSMENU-GLIB-WARNING **: 21:26:45.158: Unable to replace properties on 0: Error getting properties for ID

(waybar:237355): LIBDBUSMENU-GLIB-WARNING **: 21:26:45.161: Unable to replace properties on 0: Error getting properties for ID

(waybar:237355): LIBDBUSMENU-GLIB-WARNING **: 21:26:45.259: Unable to replace properties on 0: Error getting properties for ID

(waybar:237355): LIBDBUSMENU-GLIB-WARNING **: 21:26:45.260: Unable to replace properties on 0: Error getting properties for ID

(waybar:237355): LIBDBUSMENU-GLIB-WARNING **: 21:27:45.227: Unable to replace properties on 0: Error getting properties for ID

(waybar:237355): LIBDBUSMENU-GLIB-WARNING **: 21:27:45.229: Unable to replace properties on 0: Error getting properties for ID

(waybar:237355): LIBDBUSMENU-GLIB-WARNING **: 21:28:45.296: Unable to replace properties on 0: Error getting properties for ID

(waybar:237355): LIBDBUSMENU-GLIB-WARNING **: 21:28:45.297: Unable to replace properties on 0: Error getting properties for ID

(waybar:237355): LIBDBUSMENU-GLIB-WARNING **: 21:29:45.209: Unable to replace properties on 0: Error getting properties for ID

(waybar:237355): LIBDBUSMENU-GLIB-WARNING **: 21:29:45.211: Unable to replace properties on 0: Error getting properties for ID

(waybar:237355): LIBDBUSMENU-GLIB-WARNING **: 21:30:45.181: Unable to replace properties on 0: Error getting properties for ID

(waybar:237355): LIBDBUSMENU-GLIB-WARNING **: 21:30:45.182: Unable to replace properties on 0: Error getting properties for ID

(waybar:237355): LIBDBUSMENU-GLIB-WARNING **: 21:31:45.249: Unable to replace properties on 0: Error getting properties for ID

(waybar:237355): LIBDBUSMENU-GLIB-WARNING **: 21:31:45.251: Unable to replace properties on 0: Error getting properties for ID

(waybar:237355): LIBDBUSMENU-GLIB-WARNING **: 21:32:45.317: Unable to replace properties on 0: Error getting properties for ID

(waybar:237355): LIBDBUSMENU-GLIB-WARNING **: 21:32:45.319: Unable to replace properties on 0: Error getting properties for ID

(waybar:237355): LIBDBUSMENU-GLIB-WARNING **: 21:33:45.385: Unable to replace properties on 0: Error getting properties for ID

(waybar:237355): LIBDBUSMENU-GLIB-WARNING **: 21:33:45.387: Unable to replace properties on 0: Error getting properties for ID

(waybar:237355): LIBDBUSMENU-GLIB-WARNING **: 21:34:45.453: Unable to replace properties on 0: Error getting properties for ID

(waybar:237355): LIBDBUSMENU-GLIB-WARNING **: 21:34:45.455: Unable to replace properties on 0: Error getting properties for ID

(waybar:237355): LIBDBUSMENU-GLIB-WARNING **: 21:35:45.260: Unable to replace properties on 0: Error getting properties for ID

(waybar:237355): LIBDBUSMENU-GLIB-WARNING **: 21:35:45.262: Unable to replace properties on 0: Error getting properties for ID

(waybar:237355): LIBDBUSMENU-GLIB-WARNING **: 21:36:45.328: Unable to replace properties on 0: Error getting properties for ID

(waybar:237355): LIBDBUSMENU-GLIB-WARNING **: 21:36:45.330: Unable to replace properties on 0: Error getting properties for ID

(waybar:237355): LIBDBUSMENU-GLIB-WARNING **: 21:37:45.298: Unable to replace properties on 0: Error getting properties for ID

(waybar:237355): LIBDBUSMENU-GLIB-WARNING **: 21:37:45.299: Unable to replace properties on 0: Error getting properties for ID

(waybar:237355): LIBDBUSMENU-GLIB-WARNING **: 21:37:45.397: Unable to replace properties on 0: Error getting properties for ID

(waybar:237355): LIBDBUSMENU-GLIB-WARNING **: 21:37:45.399: Unable to replace properties on 0: Error getting properties for ID

(waybar:237355): LIBDBUSMENU-GLIB-WARNING **: 21:38:45.365: Unable to replace properties on 0: Error getting properties for ID

(waybar:237355): LIBDBUSMENU-GLIB-WARNING **: 21:38:45.367: Unable to replace properties on 0: Error getting properties for ID

(waybar:237355): LIBDBUSMENU-GLIB-WARNING **: 21:39:45.433: Unable to replace properties on 0: Error getting properties for ID

(waybar:237355): LIBDBUSMENU-GLIB-WARNING **: 21:39:45.435: Unable to replace properties on 0: Error getting properties for ID

(waybar:237355): LIBDBUSMENU-GLIB-WARNING **: 21:40:45.502: Unable to replace properties on 0: Error getting properties for ID

(waybar:237355): LIBDBUSMENU-GLIB-WARNING **: 21:40:45.504: Unable to replace properties on 0: Error getting properties for ID

(waybar:237355): LIBDBUSMENU-GLIB-WARNING **: 21:41:45.389: Unable to replace properties on 0: Error getting properties for ID

(waybar:237355): LIBDBUSMENU-GLIB-WARNING **: 21:41:45.391: Unable to replace properties on 0: Error getting properties for ID

(waybar:237355): LIBDBUSMENU-GLIB-WARNING **: 21:42:45.359: Unable to replace properties on 0: Error getting properties for ID

(waybar:237355): LIBDBUSMENU-GLIB-WARNING **: 21:42:45.359: Unable to replace properties on 3407872: Error getting properties for ID

(waybar:237355): LIBDBUSMENU-GLIB-WARNING **: 21:42:45.359: Unable to replace properties on 3473408: Error getting properties for ID

(waybar:237355): LIBDBUSMENU-GLIB-WARNING **: 21:42:45.359: Unable to replace properties on 3473664: Error getting properties for ID

(waybar:237355): LIBDBUSMENU-GLIB-WARNING **: 21:42:45.359: Unable to replace properties on 3866624: Error getting properties for ID

(waybar:237355): LIBDBUSMENU-GLIB-WARNING **: 21:42:45.361: Unable to replace properties on 0: Error getting properties for ID

(waybar:237355): LIBDBUSMENU-GLIB-WARNING **: 21:42:45.361: Unable to replace properties on 3473408: Error getting properties for ID

(waybar:237355): LIBDBUSMENU-GLIB-WARNING **: 21:42:45.362: Unable to replace properties on 3473664: Error getting properties for ID

(waybar:237355): LIBDBUSMENU-GLIB-WARNING **: 21:42:45.362: Unable to replace properties on 3866624: Error getting properties for ID

(waybar:237355): LIBDBUSMENU-GLIB-WARNING **: 21:42:45.459: Unable to replace properties on 0: Error getting properties for ID

(waybar:237355): LIBDBUSMENU-GLIB-WARNING **: 21:42:45.461: Unable to replace properties on 0: Error getting properties for ID

(waybar:237355): LIBDBUSMENU-GLIB-WARNING **: 21:43:45.427: Unable to replace properties on 0: Error getting properties for ID

(waybar:237355): LIBDBUSMENU-GLIB-WARNING **: 21:43:45.429: Unable to replace properties on 0: Error getting properties for ID

(waybar:237355): LIBDBUSMENU-GLIB-WARNING **: 21:44:45.496: Unable to replace properties on 0: Error getting properties for ID

(waybar:237355): LIBDBUSMENU-GLIB-WARNING **: 21:44:45.498: Unable to replace properties on 0: Error getting properties for ID

(waybar:237355): LIBDBUSMENU-GLIB-WARNING **: 21:45:45.565: Unable to replace properties on 0: Error getting properties for ID

(waybar:237355): LIBDBUSMENU-GLIB-WARNING **: 21:45:45.567: Unable to replace properties on 0: Error getting properties for ID

(waybar:237355): LIBDBUSMENU-GLIB-WARNING **: 21:46:45.535: Unable to replace properties on 0: Error getting properties for ID

(waybar:237355): LIBDBUSMENU-GLIB-WARNING **: 21:46:45.538: Unable to replace properties on 0: Error getting properties for ID

(waybar:237355): LIBDBUSMENU-GLIB-WARNING **: 21:46:45.636: Unable to replace properties on 0: Error getting properties for ID

(waybar:237355): LIBDBUSMENU-GLIB-WARNING **: 21:46:45.637: Unable to replace properties on 0: Error getting properties for ID

(waybar:237355): LIBDBUSMENU-GLIB-WARNING **: 21:47:45.424: Unable to replace properties on 0: Error getting properties for ID

(waybar:237355): LIBDBUSMENU-GLIB-WARNING **: 21:47:45.426: Unable to replace properties on 0: Error getting properties for ID

(waybar:237355): LIBDBUSMENU-GLIB-WARNING **: 21:48:45.494: Unable to replace properties on 0: Error getting properties for ID

(waybar:237355): LIBDBUSMENU-GLIB-WARNING **: 21:48:45.496: Unable to replace properties on 0: Error getting properties for ID

(waybar:237355): LIBDBUSMENU-GLIB-WARNING **: 21:49:45.567: Unable to replace properties on 0: Error getting properties for ID

(waybar:237355): LIBDBUSMENU-GLIB-WARNING **: 21:49:45.569: Unable to replace properties on 0: Error getting properties for ID

(waybar:237355): LIBDBUSMENU-GLIB-WARNING **: 21:50:45.536: Unable to replace properties on 0: Error getting properties for ID

(waybar:237355): LIBDBUSMENU-GLIB-WARNING **: 21:50:45.538: Unable to replace properties on 0: Error getting properties for ID

(waybar:237355): LIBDBUSMENU-GLIB-WARNING **: 21:51:45.604: Unable to replace properties on 0: Error getting properties for ID

(waybar:237355): LIBDBUSMENU-GLIB-WARNING **: 21:51:45.606: Unable to replace properties on 0: Error getting properties for ID

(waybar:237355): LIBDBUSMENU-GLIB-WARNING **: 21:52:45.673: Unable to replace properties on 0: Error getting properties for ID

(waybar:237355): LIBDBUSMENU-GLIB-WARNING **: 21:52:45.675: Unable to replace properties on 0: Error getting properties for ID

(waybar:237355): LIBDBUSMENU-GLIB-WARNING **: 21:53:45.556: Unable to replace properties on 0: Error getting properties for ID

(waybar:237355): LIBDBUSMENU-GLIB-WARNING **: 21:53:45.558: Unable to replace properties on 0: Error getting properties for ID

(waybar:237355): LIBDBUSMENU-GLIB-WARNING **: 21:54:45.525: Unable to replace properties on 0: Error getting properties for ID

(waybar:237355): LIBDBUSMENU-GLIB-WARNING **: 21:54:45.528: Unable to replace properties on 0: Error getting properties for ID

(waybar:237355): LIBDBUSMENU-GLIB-WARNING **: 21:54:45.626: Unable to replace properties on 0: Error getting properties for ID

(waybar:237355): LIBDBUSMENU-GLIB-WARNING **: 21:54:45.628: Unable to replace properties on 0: Error getting properties for ID

(waybar:237355): LIBDBUSMENU-GLIB-WARNING **: 21:55:45.594: Unable to replace properties on 0: Error getting properties for ID

(waybar:237355): LIBDBUSMENU-GLIB-WARNING **: 21:55:45.596: Unable to replace properties on 0: Error getting properties for ID

(waybar:237355): LIBDBUSMENU-GLIB-WARNING **: 21:56:45.662: Unable to replace properties on 0: Error getting properties for ID

(waybar:237355): LIBDBUSMENU-GLIB-WARNING **: 21:56:45.664: Unable to replace properties on 0: Error getting properties for ID

(waybar:237355): LIBDBUSMENU-GLIB-WARNING **: 21:57:45.642: Unable to replace properties on 0: Error getting properties for ID

(waybar:237355): LIBDBUSMENU-GLIB-WARNING **: 21:57:45.644: Unable to replace properties on 0: Error getting properties for ID

(waybar:237355): LIBDBUSMENU-GLIB-WARNING **: 21:58:45.551: Unable to replace properties on 0: Error getting properties for ID

(waybar:237355): LIBDBUSMENU-GLIB-WARNING **: 21:58:45.553: Unable to replace properties on 0: Error getting properties for ID

(waybar:237355): LIBDBUSMENU-GLIB-WARNING **: 21:59:45.621: Unable to replace properties on 0: Error getting properties for ID

(waybar:237355): LIBDBUSMENU-GLIB-WARNING **: 21:59:45.623: Unable to replace properties on 0: Error getting properties for ID

(waybar:237355): LIBDBUSMENU-GLIB-WARNING **: 22:00:45.690: Unable to replace properties on 0: Error getting properties for ID

(waybar:237355): LIBDBUSMENU-GLIB-WARNING **: 22:00:45.692: Unable to replace properties on 0: Error getting properties for ID

(waybar:237355): LIBDBUSMENU-GLIB-WARNING **: 22:01:45.760: Unable to replace properties on 0: Error getting properties for ID

(waybar:237355): LIBDBUSMENU-GLIB-WARNING **: 22:01:45.762: Unable to replace properties on 0: Error getting properties for ID

(waybar:237355): LIBDBUSMENU-GLIB-WARNING **: 22:02:45.731: Unable to replace properties on 0: Error getting properties for ID

(waybar:237355): LIBDBUSMENU-GLIB-WARNING **: 22:02:45.734: Unable to replace properties on 0: Error getting properties for ID

(waybar:237355): LIBDBUSMENU-GLIB-WARNING **: 22:02:45.734: Unable to replace properties on 3407872: Error getting properties for ID

(waybar:237355): LIBDBUSMENU-GLIB-WARNING **: 22:02:45.734: Unable to replace properties on 3473408: Error getting properties for ID

(waybar:237355): LIBDBUSMENU-GLIB-WARNING **: 22:02:45.734: Unable to replace properties on 3473664: Error getting properties for ID

(waybar:237355): LIBDBUSMENU-GLIB-WARNING **: 22:02:45.734: Unable to replace properties on 3866624: Error getting properties for ID

(waybar:237355): LIBDBUSMENU-GLIB-WARNING **: 22:02:45.830: Unable to replace properties on 0: Error getting properties for ID

(waybar:237355): LIBDBUSMENU-GLIB-WARNING **: 22:02:45.832: Unable to replace properties on 0: Error getting properties for ID

(waybar:237355): LIBDBUSMENU-GLIB-WARNING **: 22:03:45.640: Unable to replace properties on 0: Error getting properties for ID

(waybar:237355): LIBDBUSMENU-GLIB-WARNING **: 22:03:45.641: Unable to replace properties on 0: Error getting properties for ID

(waybar:237355): LIBDBUSMENU-GLIB-WARNING **: 22:04:45.709: Unable to replace properties on 0: Error getting properties for ID

(waybar:237355): LIBDBUSMENU-GLIB-WARNING **: 22:04:45.711: Unable to replace properties on 0: Error getting properties for ID

(waybar:237355): LIBDBUSMENU-GLIB-WARNING **: 22:05:45.679: Unable to replace properties on 0: Error getting properties for ID

(waybar:237355): LIBDBUSMENU-GLIB-WARNING **: 22:05:45.681: Unable to replace properties on 0: Error getting properties for ID

(waybar:237355): LIBDBUSMENU-GLIB-WARNING **: 22:05:45.778: Unable to replace properties on 0: Error getting properties for ID

(waybar:237355): LIBDBUSMENU-GLIB-WARNING **: 22:05:45.780: Unable to replace properties on 0: Error getting properties for ID

(waybar:237355): LIBDBUSMENU-GLIB-WARNING **: 22:06:45.748: Unable to replace properties on 0: Error getting properties for ID

(waybar:237355): LIBDBUSMENU-GLIB-WARNING **: 22:06:45.750: Unable to replace properties on 0: Error getting properties for ID

(waybar:237355): LIBDBUSMENU-GLIB-WARNING **: 22:07:45.817: Unable to replace properties on 0: Error getting properties for ID

(waybar:237355): LIBDBUSMENU-GLIB-WARNING **: 22:07:45.819: Unable to replace properties on 0: Error getting properties for ID

(waybar:237355): LIBDBUSMENU-GLIB-WARNING **: 22:08:45.887: Unable to replace properties on 0: Error getting properties for ID

(waybar:237355): LIBDBUSMENU-GLIB-WARNING **: 22:08:45.888: Unable to replace properties on 0: Error getting properties for ID

(waybar:237355): LIBDBUSMENU-GLIB-WARNING **: 22:09:45.796: Unable to replace properties on 0: Error getting properties for ID

(waybar:237355): LIBDBUSMENU-GLIB-WARNING **: 22:09:45.798: Unable to replace properties on 0: Error getting properties for ID

(waybar:237355): LIBDBUSMENU-GLIB-WARNING **: 22:10:45.764: Unable to replace properties on 0: Error getting properties for ID

(waybar:237355): LIBDBUSMENU-GLIB-WARNING **: 22:10:45.766: Unable to replace properties on 0: Error getting properties for ID

(waybar:237355): LIBDBUSMENU-GLIB-WARNING **: 22:11:45.834: Unable to replace properties on 0: Error getting properties for ID

(waybar:237355): LIBDBUSMENU-GLIB-WARNING **: 22:11:45.835: Unable to replace properties on 0: Error getting properties for ID

(waybar:237355): LIBDBUSMENU-GLIB-WARNING **: 22:12:45.903: Unable to replace properties on 0: Error getting properties for ID

(waybar:237355): LIBDBUSMENU-GLIB-WARNING **: 22:12:45.905: Unable to replace properties on 0: Error getting properties for ID

(waybar:237355): LIBDBUSMENU-GLIB-WARNING **: 22:13:45.972: Unable to replace properties on 0: Error getting properties for ID

(waybar:237355): LIBDBUSMENU-GLIB-WARNING **: 22:13:45.974: Unable to replace properties on 0: Error getting properties for ID

(waybar:237355): LIBDBUSMENU-GLIB-WARNING **: 22:14:45.788: Unable to replace properties on 0: Error getting properties for ID

(waybar:237355): LIBDBUSMENU-GLIB-WARNING **: 22:14:45.790: Unable to replace properties on 0: Error getting properties for ID

(waybar:237355): LIBDBUSMENU-GLIB-WARNING **: 22:15:45.756: Unable to replace properties on 0: Error getting properties for ID

(waybar:237355): LIBDBUSMENU-GLIB-WARNING **: 22:15:45.756: Unable to replace properties on 3407872: Error getting properties for ID

(waybar:237355): LIBDBUSMENU-GLIB-WARNING **: 22:15:45.756: Unable to replace properties on 3473408: Error getting properties for ID

(waybar:237355): LIBDBUSMENU-GLIB-WARNING **: 22:15:45.756: Unable to replace properties on 3473664: Error getting properties for ID

(waybar:237355): LIBDBUSMENU-GLIB-WARNING **: 22:15:45.756: Unable to replace properties on 3866624: Error getting properties for ID

(waybar:237355): LIBDBUSMENU-GLIB-WARNING **: 22:15:45.759: Unable to replace properties on 0: Error getting properties for ID

(waybar:237355): LIBDBUSMENU-GLIB-WARNING **: 22:15:45.759: Unable to replace properties on 3473408: Error getting properties for ID

(waybar:237355): LIBDBUSMENU-GLIB-WARNING **: 22:15:45.759: Unable to replace properties on 3473664: Error getting properties for ID

(waybar:237355): LIBDBUSMENU-GLIB-WARNING **: 22:15:45.759: Unable to replace properties on 3866624: Error getting properties for ID

(waybar:237355): LIBDBUSMENU-GLIB-WARNING **: 22:15:45.856: Unable to replace properties on 0: Error getting properties for ID

(waybar:237355): LIBDBUSMENU-GLIB-WARNING **: 22:15:45.858: Unable to replace properties on 0: Error getting properties for ID

(waybar:237355): LIBDBUSMENU-GLIB-WARNING **: 22:16:45.824: Unable to replace properties on 0: Error getting properties for ID

(waybar:237355): LIBDBUSMENU-GLIB-WARNING **: 22:16:45.826: Unable to replace properties on 0: Error getting properties for ID

(waybar:237355): LIBDBUSMENU-GLIB-WARNING **: 22:17:45.893: Unable to replace properties on 0: Error getting properties for ID

(waybar:237355): LIBDBUSMENU-GLIB-WARNING **: 22:17:45.895: Unable to replace properties on 0: Error getting properties for ID

(waybar:237355): LIBDBUSMENU-GLIB-WARNING **: 22:18:45.864: Unable to replace properties on 0: Error getting properties for ID

(waybar:237355): LIBDBUSMENU-GLIB-WARNING **: 22:18:45.866: Unable to replace properties on 0: Error getting properties for ID

(waybar:237355): LIBDBUSMENU-GLIB-WARNING **: 22:18:45.866: Unable to replace properties on 3407872: Error getting properties for ID

(waybar:237355): LIBDBUSMENU-GLIB-WARNING **: 22:18:45.866: Unable to replace properties on 3473408: Error getting properties for ID

(waybar:237355): LIBDBUSMENU-GLIB-WARNING **: 22:18:45.866: Unable to replace properties on 3473664: Error getting properties for ID

(waybar:237355): LIBDBUSMENU-GLIB-WARNING **: 22:18:45.866: Unable to replace properties on 3866624: Error getting properties for ID

(waybar:237355): LIBDBUSMENU-GLIB-WARNING **: 22:18:45.962: Unable to replace properties on 0: Error getting properties for ID

(waybar:237355): LIBDBUSMENU-GLIB-WARNING **: 22:18:45.964: Unable to replace properties on 0: Error getting properties for ID

(waybar:237355): LIBDBUSMENU-GLIB-WARNING **: 22:19:45.933: Unable to replace properties on 0: Error getting properties for ID

(waybar:237355): LIBDBUSMENU-GLIB-WARNING **: 22:19:45.935: Unable to replace properties on 0: Error getting properties for ID

(waybar:237355): LIBDBUSMENU-GLIB-WARNING **: 22:20:45.820: Unable to replace properties on 0: Error getting properties for ID

(waybar:237355): LIBDBUSMENU-GLIB-WARNING **: 22:20:45.822: Unable to replace properties on 0: Error getting properties for ID

(waybar:237355): LIBDBUSMENU-GLIB-WARNING **: 22:21:45.889: Unable to replace properties on 0: Error getting properties for ID

(waybar:237355): LIBDBUSMENU-GLIB-WARNING **: 22:21:45.892: Unable to replace properties on 0: Error getting properties for ID

(waybar:237355): LIBDBUSMENU-GLIB-WARNING **: 22:22:45.859: Unable to replace properties on 0: Error getting properties for ID

(waybar:237355): LIBDBUSMENU-GLIB-WARNING **: 22:22:45.859: Unable to replace properties on 3407872: Error getting properties for ID

(waybar:237355): LIBDBUSMENU-GLIB-WARNING **: 22:22:45.859: Unable to replace properties on 3473408: Error getting properties for ID

(waybar:237355): LIBDBUSMENU-GLIB-WARNING **: 22:22:45.859: Unable to replace properties on 3473664: Error getting properties for ID

(waybar:237355): LIBDBUSMENU-GLIB-WARNING **: 22:22:45.859: Unable to replace properties on 3866624: Error getting properties for ID

(waybar:237355): LIBDBUSMENU-GLIB-WARNING **: 22:22:45.861: Unable to replace properties on 0: Error getting properties for ID

(waybar:237355): LIBDBUSMENU-GLIB-WARNING **: 22:22:45.861: Unable to replace properties on 3473408: Error getting properties for ID

(waybar:237355): LIBDBUSMENU-GLIB-WARNING **: 22:22:45.861: Unable to replace properties on 3473664: Error getting properties for ID

(waybar:237355): LIBDBUSMENU-GLIB-WARNING **: 22:22:45.861: Unable to replace properties on 3866624: Error getting properties for ID

(waybar:237355): LIBDBUSMENU-GLIB-WARNING **: 22:22:45.959: Unable to replace properties on 0: Error getting properties for ID

(waybar:237355): LIBDBUSMENU-GLIB-WARNING **: 22:22:45.960: Unable to replace properties on 0: Error getting properties for ID

(waybar:237355): LIBDBUSMENU-GLIB-WARNING **: 22:23:45.927: Unable to replace properties on 0: Error getting properties for ID

(waybar:237355): LIBDBUSMENU-GLIB-WARNING **: 22:23:45.929: Unable to replace properties on 0: Error getting properties for ID

(waybar:237355): LIBDBUSMENU-GLIB-WARNING **: 22:24:45.997: Unable to replace properties on 0: Error getting properties for ID

(waybar:237355): LIBDBUSMENU-GLIB-WARNING **: 22:24:45.999: Unable to replace properties on 0: Error getting properties for ID

(waybar:237355): LIBDBUSMENU-GLIB-WARNING **: 22:25:46.066: Unable to replace properties on 0: Error getting properties for ID

(waybar:237355): LIBDBUSMENU-GLIB-WARNING **: 22:25:46.068: Unable to replace properties on 0: Error getting properties for ID

(waybar:237355): LIBDBUSMENU-GLIB-WARNING **: 22:26:45.862: Unable to replace properties on 0: Error getting properties for ID

(waybar:237355): LIBDBUSMENU-GLIB-WARNING **: 22:26:45.862: Unable to replace properties on 3407872: Error getting properties for ID

(waybar:237355): LIBDBUSMENU-GLIB-WARNING **: 22:26:45.862: Unable to replace properties on 3473408: Error getting properties for ID

(waybar:237355): LIBDBUSMENU-GLIB-WARNING **: 22:26:45.862: Unable to replace properties on 3473664: Error getting properties for ID

(waybar:237355): LIBDBUSMENU-GLIB-WARNING **: 22:26:45.862: Unable to replace properties on 3866624: Error getting properties for ID

(waybar:237355): LIBDBUSMENU-GLIB-WARNING **: 22:26:45.865: Unable to replace properties on 0: Error getting properties for ID

(waybar:237355): LIBDBUSMENU-GLIB-WARNING **: 22:26:45.865: Unable to replace properties on 3473408: Error getting properties for ID

(waybar:237355): LIBDBUSMENU-GLIB-WARNING **: 22:26:45.865: Unable to replace properties on 3473664: Error getting properties for ID

(waybar:237355): LIBDBUSMENU-GLIB-WARNING **: 22:26:45.865: Unable to replace properties on 3866624: Error getting properties for ID

(waybar:237355): LIBDBUSMENU-GLIB-WARNING **: 22:26:45.960: Unable to replace properties on 0: Error getting properties for ID

(waybar:237355): LIBDBUSMENU-GLIB-WARNING **: 22:26:45.962: Unable to replace properties on 0: Error getting properties for ID

(waybar:237355): LIBDBUSMENU-GLIB-WARNING **: 22:27:45.927: Unable to replace properties on 0: Error getting properties for ID

(waybar:237355): LIBDBUSMENU-GLIB-WARNING **: 22:27:45.929: Unable to replace properties on 0: Error getting properties for ID

(waybar:237355): LIBDBUSMENU-GLIB-WARNING **: 22:28:45.997: Unable to replace properties on 0: Error getting properties for ID

(waybar:237355): LIBDBUSMENU-GLIB-WARNING **: 22:28:45.999: Unable to replace properties on 0: Error getting properties for ID

(waybar:237355): LIBDBUSMENU-GLIB-WARNING **: 22:29:46.065: Unable to replace properties on 0: Error getting properties for ID

(waybar:237355): LIBDBUSMENU-GLIB-WARNING **: 22:29:46.067: Unable to replace properties on 0: Error getting properties for ID

(waybar:237355): LIBDBUSMENU-GLIB-WARNING **: 22:30:46.134: Unable to replace properties on 0: Error getting properties for ID

(waybar:237355): LIBDBUSMENU-GLIB-WARNING **: 22:30:46.136: Unable to replace properties on 0: Error getting properties for ID

(waybar:237355): LIBDBUSMENU-GLIB-WARNING **: 22:31:46.036: Unable to replace properties on 0: Error getting properties for ID

(waybar:237355): LIBDBUSMENU-GLIB-WARNING **: 22:31:46.038: Unable to replace properties on 0: Error getting properties for ID

(waybar:237355): LIBDBUSMENU-GLIB-WARNING **: 22:32:46.104: Unable to replace properties on 0: Error getting properties for ID

(waybar:237355): LIBDBUSMENU-GLIB-WARNING **: 22:32:46.105: Unable to replace properties on 0: Error getting properties for ID

(waybar:237355): LIBDBUSMENU-GLIB-WARNING **: 22:33:46.072: Unable to replace properties on 0: Error getting properties for ID

(waybar:237355): LIBDBUSMENU-GLIB-WARNING **: 22:33:46.074: Unable to replace properties on 0: Error getting properties for ID

(waybar:237355): LIBDBUSMENU-GLIB-WARNING **: 22:33:46.171: Unable to replace properties on 0: Error getting properties for ID

(waybar:237355): LIBDBUSMENU-GLIB-WARNING **: 22:33:46.173: Unable to replace properties on 0: Error getting properties for ID

(waybar:237355): LIBDBUSMENU-GLIB-WARNING **: 22:34:46.140: Unable to replace properties on 0: Error getting properties for ID

(waybar:237355): LIBDBUSMENU-GLIB-WARNING **: 22:34:46.142: Unable to replace properties on 0: Error getting properties for ID

(waybar:237355): LIBDBUSMENU-GLIB-WARNING **: 22:35:46.208: Unable to replace properties on 0: Error getting properties for ID

(waybar:237355): LIBDBUSMENU-GLIB-WARNING **: 22:35:46.210: Unable to replace properties on 0: Error getting properties for ID

(waybar:237355): LIBDBUSMENU-GLIB-WARNING **: 22:36:46.278: Unable to replace properties on 0: Error getting properties for ID

(waybar:237355): LIBDBUSMENU-GLIB-WARNING **: 22:36:46.280: Unable to replace properties on 0: Error getting properties for ID

(waybar:237355): LIBDBUSMENU-GLIB-WARNING **: 22:37:46.186: Unable to replace properties on 0: Error getting properties for ID

(waybar:237355): LIBDBUSMENU-GLIB-WARNING **: 22:37:46.188: Unable to replace properties on 0: Error getting properties for ID

(waybar:237355): LIBDBUSMENU-GLIB-WARNING **: 22:38:46.254: Unable to replace properties on 0: Error getting properties for ID

(waybar:237355): LIBDBUSMENU-GLIB-WARNING **: 22:38:46.256: Unable to replace properties on 0: Error getting properties for ID

(waybar:237355): LIBDBUSMENU-GLIB-WARNING **: 22:39:46.223: Unable to replace properties on 0: Error getting properties for ID

(waybar:237355): LIBDBUSMENU-GLIB-WARNING **: 22:39:46.226: Unable to replace properties on 0: Error getting properties for ID

(waybar:237355): LIBDBUSMENU-GLIB-WARNING **: 22:39:46.324: Unable to replace properties on 0: Error getting properties for ID

(waybar:237355): LIBDBUSMENU-GLIB-WARNING **: 22:39:46.325: Unable to replace properties on 0: Error getting properties for ID

(waybar:237355): LIBDBUSMENU-GLIB-WARNING **: 22:40:46.292: Unable to replace properties on 0: Error getting properties for ID

(waybar:237355): LIBDBUSMENU-GLIB-WARNING **: 22:40:46.294: Unable to replace properties on 0: Error getting properties for ID

(waybar:237355): LIBDBUSMENU-GLIB-WARNING **: 22:41:46.361: Unable to replace properties on 0: Error getting properties for ID

(waybar:237355): LIBDBUSMENU-GLIB-WARNING **: 22:41:46.363: Unable to replace properties on 0: Error getting properties for ID

(waybar:237355): LIBDBUSMENU-GLIB-WARNING **: 22:42:46.269: Unable to replace properties on 0: Error getting properties for ID

(waybar:237355): LIBDBUSMENU-GLIB-WARNING **: 22:42:46.271: Unable to replace properties on 0: Error getting properties for ID

(waybar:237355): LIBDBUSMENU-GLIB-WARNING **: 22:43:46.239: Unable to replace properties on 0: Error getting properties for ID

(waybar:237355): LIBDBUSMENU-GLIB-WARNING **: 22:43:46.242: Unable to replace properties on 0: Error getting properties for ID

(waybar:237355): LIBDBUSMENU-GLIB-WARNING **: 22:43:46.242: Unable to replace properties on 3407872: Error getting properties for ID

(waybar:237355): LIBDBUSMENU-GLIB-WARNING **: 22:43:46.242: Unable to replace properties on 3473408: Error getting properties for ID

(waybar:237355): LIBDBUSMENU-GLIB-WARNING **: 22:43:46.242: Unable to replace properties on 3473664: Error getting properties for ID

(waybar:237355): LIBDBUSMENU-GLIB-WARNING **: 22:43:46.242: Unable to replace properties on 3866624: Error getting properties for ID

(waybar:237355): LIBDBUSMENU-GLIB-WARNING **: 22:43:46.339: Unable to replace properties on 0: Error getting properties for ID

(waybar:237355): LIBDBUSMENU-GLIB-WARNING **: 22:43:46.341: Unable to replace properties on 0: Error getting properties for ID

(waybar:237355): LIBDBUSMENU-GLIB-WARNING **: 22:44:46.308: Unable to replace properties on 0: Error getting properties for ID

(waybar:237355): LIBDBUSMENU-GLIB-WARNING **: 22:44:46.310: Unable to replace properties on 0: Error getting properties for ID

(waybar:237355): LIBDBUSMENU-GLIB-WARNING **: 22:45:46.379: Unable to replace properties on 0: Error getting properties for ID

(waybar:237355): LIBDBUSMENU-GLIB-WARNING **: 22:45:46.381: Unable to replace properties on 0: Error getting properties for ID

(waybar:237355): LIBDBUSMENU-GLIB-WARNING **: 22:46:46.447: Unable to replace properties on 0: Error getting properties for ID

(waybar:237355): LIBDBUSMENU-GLIB-WARNING **: 22:46:46.449: Unable to replace properties on 0: Error getting properties for ID

(waybar:237355): LIBDBUSMENU-GLIB-WARNING **: 22:47:46.517: Unable to replace properties on 0: Error getting properties for ID

(waybar:237355): LIBDBUSMENU-GLIB-WARNING **: 22:47:46.519: Unable to replace properties on 0: Error getting properties for ID

(waybar:237355): LIBDBUSMENU-GLIB-WARNING **: 22:48:46.318: Unable to replace properties on 0: Error getting properties for ID

(waybar:237355): LIBDBUSMENU-GLIB-WARNING **: 22:48:46.320: Unable to replace properties on 0: Error getting properties for ID

(waybar:237355): LIBDBUSMENU-GLIB-WARNING **: 22:49:46.289: Unable to replace properties on 0: Error getting properties for ID

(waybar:237355): LIBDBUSMENU-GLIB-WARNING **: 22:49:46.290: Unable to replace properties on 3407872: Error getting properties for ID

(waybar:237355): LIBDBUSMENU-GLIB-WARNING **: 22:49:46.290: Unable to replace properties on 3473408: Error getting properties for ID

(waybar:237355): LIBDBUSMENU-GLIB-WARNING **: 22:49:46.290: Unable to replace properties on 3473664: Error getting properties for ID

(waybar:237355): LIBDBUSMENU-GLIB-WARNING **: 22:49:46.290: Unable to replace properties on 3866624: Error getting properties for ID

(waybar:237355): LIBDBUSMENU-GLIB-WARNING **: 22:49:46.292: Unable to replace properties on 0: Error getting properties for ID

(waybar:237355): LIBDBUSMENU-GLIB-WARNING **: 22:49:46.292: Unable to replace properties on 3473408: Error getting properties for ID

(waybar:237355): LIBDBUSMENU-GLIB-WARNING **: 22:49:46.292: Unable to replace properties on 3473664: Error getting properties for ID

(waybar:237355): LIBDBUSMENU-GLIB-WARNING **: 22:49:46.292: Unable to replace properties on 3866624: Error getting properties for ID

(waybar:237355): LIBDBUSMENU-GLIB-WARNING **: 22:49:46.388: Unable to replace properties on 0: Error getting properties for ID

(waybar:237355): LIBDBUSMENU-GLIB-WARNING **: 22:49:46.390: Unable to replace properties on 0: Error getting properties for ID

(waybar:237355): LIBDBUSMENU-GLIB-WARNING **: 22:50:46.357: Unable to replace properties on 0: Error getting properties for ID

(waybar:237355): LIBDBUSMENU-GLIB-WARNING **: 22:50:46.359: Unable to replace properties on 0: Error getting properties for ID

(waybar:237355): LIBDBUSMENU-GLIB-WARNING **: 22:51:46.428: Unable to replace properties on 0: Error getting properties for ID

(waybar:237355): LIBDBUSMENU-GLIB-WARNING **: 22:51:46.430: Unable to replace properties on 0: Error getting properties for ID
